  speechManager.cpp
D:\Work-APP\VS\study-Cpp\study-cpp\31 演讲比赛流程管理系统\speechManager.cpp(53,20): warning C4018: “<”: 有符号/无符号不匹配
D:\Work-APP\VS\study-Cpp\study-cpp\31 演讲比赛流程管理系统\speechManager.cpp(311,21): warning C4018: “<”: 有符号/无符号不匹配
D:\Program Files (x86)\Microsoft Visual Studio\2019\Community\VC\Tools\MSVC\14.29.30133\include\numeric(34,26): warning C4244: “=”: 从“double”转换到“_Ty”，可能丢失数据
          with
          [
              _Ty=float
          ]
D:\Program Files (x86)\Microsoft Visual Studio\2019\Community\VC\Tools\MSVC\14.29.30133\include\numeric(43): message : 查看对正在编译的函数 模板 实例化“_Ty std::accumulate<_InIt,_Ty,std::plus<void>>(const _InIt,const _InIt,_Ty,_Fn)”的引用
          with
          [
              _Ty=float,
              _InIt=std::_Deque_iterator<std::_Deque_val<std::_Deque_simple_types<double>>>,
              _Fn=std::plus<void>
          ]
D:\Work-APP\VS\study-Cpp\study-cpp\31 演讲比赛流程管理系统\speechManager.cpp(167): message : 查看对正在编译的函数 模板 实例化“_Ty std::accumulate<std::_Deque_iterator<std::_Deque_val<std::_Deque_simple_types<double>>>,float>(const _InIt,const _InIt,_Ty)”的引用
          with
          [
              _Ty=float,
              _InIt=std::_Deque_iterator<std::_Deque_val<std::_Deque_simple_types<double>>>
          ]
  演讲比赛流程管理系统.cpp
  正在生成代码...
  31 演讲比赛流程管理系统.vcxproj -> D:\Work-APP\VS\study-Cpp\study-cpp\31 演讲比赛流程管理系统\Debug\31 演讲比赛流程管理系统.exe
